<?xml version="1.0" encoding="UTF-8"?>
<!-- Generated by org.testng.reporters.JUnitReportReporter -->
<testsuite name="com.XXX.TestCases.OpenAccountTest" tests="1" time="0.004" ignored="0" failures="0" timestamp="01 Jun 2019 12:12:47 GMT" skipped="1" hostname="DESKTOP-RESTA8A" errors="0">
  <testcase name="openAccountTest" time="0.004" classname="com.XXX.TestCases.OpenAccountTest">
    <skipped/>
  </testcase> <!-- openAccountTest -->
</testsuite> <!-- com.XXX.TestCases.OpenAccountTest -->
