<?xml version="1.0" encoding="UTF-8"?>
<!-- Generated by org.testng.reporters.JUnitReportReporter -->
<testsuite name="com.XXX.TestCases.BankManagerLoginTest" tests="1" time="6.650" ignored="0" failures="0" timestamp="11 Jun 2019 13:32:53 GMT" skipped="0" hostname="DESKTOP-RESTA8A" errors="0">
  <testcase name="bankManagerLoginTest" time="6.650" classname="com.XXX.TestCases.BankManagerLoginTest"/>
</testsuite> <!-- com.XXX.TestCases.BankManagerLoginTest -->
