<?xml version="1.0" encoding="UTF-8"?>
<!-- Generated by org.testng.reporters.JUnitReportReporter -->
<testsuite name="com.XXX.TestCases.AddCustomerTest" tests="2" time="23.563" ignored="0" failures="0" timestamp="23 May 2019 09:43:26 GMT" skipped="0" hostname="DESKTOP-RESTA8A" errors="0">
  <testcase name="addCustomerTest" time="12.932" classname="com.XXX.TestCases.AddCustomerTest"/>
  <testcase name="addCustomerTest" time="10.631" classname="com.XXX.TestCases.AddCustomerTest"/>
</testsuite> <!-- com.XXX.TestCases.AddCustomerTest -->
