<?xml version="1.0" encoding="UTF-8"?>
<!-- Generated by org.testng.reporters.JUnitReportReporter -->
<testsuite name="com.XXX.TestCases.BankManagerLoginTest" tests="1" time="4.169" ignored="0" failures="0" timestamp="24 May 2019 11:33:03 GMT" skipped="0" hostname="DESKTOP-RESTA8A" errors="0">
  <testcase name="bankManagerLoginTest" time="4.169" classname="com.XXX.TestCases.BankManagerLoginTest"/>
</testsuite> <!-- com.XXX.TestCases.BankManagerLoginTest -->
