<?xml version="1.0" encoding="UTF-8"?>
<!-- Generated by org.testng.reporters.JUnitReportReporter -->
<testsuite name="com.XXX.TestCases.OpenAccountTest" tests="1" time="0.563" ignored="0" failures="0" timestamp="23 May 2019 09:43:26 GMT" skipped="0" hostname="DESKTOP-RESTA8A" errors="0">
  <testcase name="openAccountTest" time="0.563" classname="com.XXX.TestCases.OpenAccountTest"/>
</testsuite> <!-- com.XXX.TestCases.OpenAccountTest -->
