<?xml version="1.0" encoding="UTF-8"?>
<!-- Generated by org.testng.reporters.JUnitReportReporter -->
<testsuite name="com.XXX.TestCases.BankManagerLoginTest" tests="1" time="6.736" ignored="0" failures="0" timestamp="01 Jun 2019 12:12:47 GMT" skipped="0" hostname="DESKTOP-RESTA8A" errors="0">
  <testcase name="bankManagerLoginTest" time="6.736" classname="com.XXX.TestCases.BankManagerLoginTest"/>
</testsuite> <!-- com.XXX.TestCases.BankManagerLoginTest -->
