<?xml version="1.0" encoding="UTF-8"?>
<!-- Generated by org.testng.reporters.JUnitReportReporter -->
<testsuite name="com.XXX.TestCases.AddCustomerTest" tests="2" time="11.226" ignored="0" failures="0" timestamp="24 May 2019 11:33:03 GMT" skipped="1" hostname="DESKTOP-RESTA8A" errors="0">
  <testcase name="addCustomerTest" time="0.004" classname="com.XXX.TestCases.AddCustomerTest">
    <skipped/>
  </testcase> <!-- addCustomerTest -->
  <testcase name="addCustomerTest" time="11.222" classname="com.XXX.TestCases.AddCustomerTest"/>
</testsuite> <!-- com.XXX.TestCases.AddCustomerTest -->
