<?xml version="1.0" encoding="UTF-8"?>
<!-- Generated by org.testng.reporters.JUnitReportReporter -->
<testsuite name="com.XXX.TestCases.OpenAccountTest" tests="1" time="0.008" ignored="10" failures="0" timestamp="14 Feb 2019 08:25:06 GMT" skipped="0" hostname="DESKTOP-RESTA8A" errors="0">
  <testcase name="openAccountTest" time="0.008" classname="com.XXX.TestCases.OpenAccountTest"/>
  <testcase name="setup" classname="com.XXX.Base.TestBase">
    <skipped/>
  </testcase> <!-- setup -->
  <testcase name="setup" classname="com.XXX.Base.TestBase">
    <skipped/>
  </testcase> <!-- setup -->
  <testcase name="setup" classname="com.XXX.Base.TestBase">
    <skipped/>
  </testcase> <!-- setup -->
  <testcase name="setup" classname="com.XXX.Base.TestBase">
    <skipped/>
  </testcase> <!-- setup -->
  <testcase name="setup" classname="com.XXX.Base.TestBase">
    <skipped/>
  </testcase> <!-- setup -->
  <testcase name="tearDown" classname="com.XXX.Base.TestBase">
    <skipped/>
  </testcase> <!-- tearDown -->
  <testcase name="tearDown" classname="com.XXX.Base.TestBase">
    <skipped/>
  </testcase> <!-- tearDown -->
  <testcase name="tearDown" classname="com.XXX.Base.TestBase">
    <skipped/>
  </testcase> <!-- tearDown -->
  <testcase name="tearDown" classname="com.XXX.Base.TestBase">
    <skipped/>
  </testcase> <!-- tearDown -->
  <testcase name="tearDown" classname="com.XXX.Base.TestBase">
    <skipped/>
  </testcase> <!-- tearDown -->
</testsuite> <!-- com.XXX.TestCases.OpenAccountTest -->
