<?xml version="1.0" encoding="UTF-8"?>
<!-- Generated by org.testng.reporters.JUnitReportReporter -->
<testsuite name="com.XXX.TestCases.OpenAccountTest" tests="1" time="0.001" ignored="8" failures="0" timestamp="31 May 2019 10:23:49 GMT" skipped="1" hostname="DESKTOP-RESTA8A" errors="0">
  <testcase name="openAccountTest" time="0.001" classname="com.XXX.TestCases.OpenAccountTest">
    <skipped/>
  </testcase> <!-- openAccountTest -->
  <testcase name="setup" classname="com.XXX.Base.TestBase">
    <skipped/>
  </testcase> <!-- setup -->
  <testcase name="setup" classname="com.XXX.Base.TestBase">
    <skipped/>
  </testcase> <!-- setup -->
  <testcase name="setup" classname="com.XXX.Base.TestBase">
    <skipped/>
  </testcase> <!-- setup -->
  <testcase name="setup" classname="com.XXX.Base.TestBase">
    <skipped/>
  </testcase> <!-- setup -->
  <testcase name="tearDown" classname="com.XXX.Base.TestBase">
    <skipped/>
  </testcase> <!-- tearDown -->
  <testcase name="tearDown" classname="com.XXX.Base.TestBase">
    <skipped/>
  </testcase> <!-- tearDown -->
  <testcase name="tearDown" classname="com.XXX.Base.TestBase">
    <skipped/>
  </testcase> <!-- tearDown -->
  <testcase name="tearDown" classname="com.XXX.Base.TestBase">
    <skipped/>
  </testcase> <!-- tearDown -->
</testsuite> <!-- com.XXX.TestCases.OpenAccountTest -->
